#
# An unexpected error has been detected by HotSpot Virtual Machine:
#
#  EXCEPTION_ACCESS_VIOLATION (0xc0000005) at pc=0x690c5ac2, pid=4804, tid=816
#
# Java VM: Java HotSpot(TM) Client VM (1.5.0_06-b05 mixed mode)
# Problematic frame:
# C  [atioglxx.dll+0xc5ac2]
#

---------------  T H R E A D  ---------------

Current thread (0x27be5e10):  JavaThread "AV3D Runtime" [_thread_in_native, id=816]

siginfo: ExceptionCode=0xc0000005, reading address 0x2779a000

Registers:
EAX=0x2a209000, EBX=0x288f9ba8, ECX=0x000002f2, EDX=0x000052e6
ESP=0x2c20f7f0, EBP=0x288c62d8, ESI=0x2779a000, EDI=0x2a21cfd0
EIP=0x690c5ac2, EFLAGS=0x00010246

Top of Stack: (sp=0x2c20f7f0)
0x2c20f7f0:   cf339000 288be040 691c6ee5 00001ba2
0x2c20f800:   0000000c 00001ba2 288be040 00000000
0x2c20f810:   288c62d0 011470aa 2a209000 cf339000
0x2c20f820:   00000003 00000000 691ccdef 00000003
0x2c20f830:   00001ba2 00000003 288be040 00000001
0x2c20f840:   288c62d0 00000001 00000000 00001ba2
0x2c20f850:   691cca8a 00000003 00000000 00001ba2
0x2c20f860:   00000003 288be040 00000001 288c62d0 

Instructions: (pc=0x690c5ac2)
0x690c5ab2:   5d 5f 5e c2 08 00 8d 14 52 57 8b f1 8b f8 8b ca
0x690c5ac2:   f3 a5 8b c7 5f 5e c2 08 00 cc cc cc cc cc 8b c1 


Stack: [0x2c1d0000,0x2c210000),  sp=0x2c20f7f0,  free space=253k
Native frames: (J=compiled Java code, j=interpreted, Vv=VM code, C=native code)
C  [atioglxx.dll+0xc5ac2]

Java frames: (J=compiled Java code, j=interpreted, Vv=VM code)
J  com.sun.opengl.impl.GLImpl.glDrawArrays(III)V
J  com.norkart.virtualglobe.gui.MeasurePanel.draw(Ljavax/media/opengl/GL;)V
J  com.norkart.virtualglobe.gui.MeasurePanel.postDraw(Ljavax/media/opengl/GL;)V
J  com.norkart.virtualglobe.viewer.av3d.AV3DPerspectiveCamera.postDraw(Ljavax/media/opengl/GL;Lorg/j3d/aviatrix3d/rendering/ProfilingData;Ljava/lang/Object;)V
J  org.j3d.aviatrix3d.output.graphics.BaseRenderingProcessor.postLayerEnvironmentDraw(Ljavax/media/opengl/GL;Lorg/j3d/aviatrix3d/pipeline/graphics/GraphicsEnvironmentData;Lorg/j3d/aviatrix3d/pipeline/graphics/GraphicsProfilingData;)V
J  org.j3d.aviatrix3d.output.graphics.StandardRenderingProcessor.display(Lorg/j3d/aviatrix3d/pipeline/graphics/GraphicsProfilingData;)V
J  org.j3d.aviatrix3d.output.graphics.BaseRenderingProcessor.render(Lorg/j3d/aviatrix3d/pipeline/graphics/GraphicsProfilingData;)Z
J  org.j3d.aviatrix3d.output.graphics.BaseSurface.draw(Lorg/j3d/aviatrix3d/rendering/ProfilingData;)Z
J  org.j3d.aviatrix3d.output.graphics.BaseAWTSurface.draw(Lorg/j3d/aviatrix3d/rendering/ProfilingData;)Z
J  org.j3d.aviatrix3d.pipeline.graphics.DefaultGraphicsPipeline.render()Z
J  org.j3d.aviatrix3d.management.SingleDisplayCollection.process()Z
J  org.j3d.aviatrix3d.management.SingleThreadRenderManager.run()V
v  ~OSRAdapter
j  java.lang.Thread.run()V+11
v  ~StubRoutines::call_stub

---------------  P R O C E S S  ---------------

Java Threads: ( => current thread )
  0x276eb1d8 JavaThread "Xj3D Content Loader" [_thread_blocked, id=5488]
  0x2755a6c0 JavaThread "BttSurfaceView-updater" [_thread_in_vm, id=5848]
  0x278513b0 JavaThread "Web3DTextureLoader" [_thread_blocked, id=3644]
  0x27cb87a8 JavaThread "Web3DModelLoader" [_thread_blocked, id=5592]
  0x27bf5568 JavaThread "TexureLoader-server-9" daemon [_thread_blocked, id=1816]
  0x27bf4a00 JavaThread "TexureLoader-server-8" daemon [_thread_blocked, id=2672]
  0x2755e620 JavaThread "TexureLoader-server-7" daemon [_thread_blocked, id=4340]
  0x27bf7cc8 JavaThread "TexureLoader-server-6" daemon [_thread_blocked, id=2860]
  0x27bf7160 JavaThread "TexureLoader-server-5" daemon [_thread_blocked, id=5348]
  0x27bf65f8 JavaThread "TexureLoader-server-4" daemon [_thread_blocked, id=2500]
  0x27bf29a8 JavaThread "TexureLoader-server-3" daemon [_thread_blocked, id=348]
  0x27bf1e40 JavaThread "TexureLoader-server-2" daemon [_thread_blocked, id=2544]
  0x27bf1370 JavaThread "TexureLoader-server-1" daemon [_thread_blocked, id=3616]
  0x278527d8 JavaThread "BttSurfaceView-updater" [_thread_in_Java, id=3708]
  0x00ac02b0 JavaThread "TexureLoader-server-0" daemon [_thread_blocked, id=3464]
  0x27cbc2f0 JavaThread "TexureLoader-cache-9" daemon [_thread_blocked, id=5084]
  0x27cbb968 JavaThread "TexureLoader-cache-8" daemon [_thread_blocked, id=4912]
  0x2756e4e8 JavaThread "TexureLoader-cache-7" daemon [_thread_blocked, id=4840]
  0x27cba508 JavaThread "TexureLoader-cache-6" daemon [_thread_blocked, id=4360]
  0x2756e360 JavaThread "TexureLoader-cache-5" daemon [_thread_blocked, id=5832]
  0x27cd14a8 JavaThread "TexureLoader-cache-4" daemon [_thread_blocked, id=5132]
  0x27d811d8 JavaThread "TexureLoader-cache-3" daemon [_thread_blocked, id=2468]
  0x00a52f20 JavaThread "TexureLoader-cache-2" daemon [_thread_blocked, id=4100]
  0x00a52d08 JavaThread "TexureLoader-cache-1" daemon [_thread_blocked, id=4184]
  0x00abe408 JavaThread "TexureLoader-cache-0" daemon [_thread_blocked, id=4308]
  0x27c84980 JavaThread "CacheSource" [_thread_blocked, id=3288]
  0x27c60d90 JavaThread "URLSource" [_thread_blocked, id=4436]
  0x27c60b78 JavaThread "URLSource" [_thread_blocked, id=5872]
  0x27be7b70 JavaThread "URLSource" [_thread_blocked, id=3712]
=>0x27be5e10 JavaThread "AV3D Runtime" [_thread_in_native, id=816]
  0x0003cde8 JavaThread "DestroyJavaVM" [_thread_blocked, id=4244]
  0x27bee9f8 JavaThread "TimerQueue" daemon [_thread_blocked, id=5296]
  0x27b23918 JavaThread "AWT-EventQueue-0" [_thread_in_Java, id=3876]
  0x27ad4b18 JavaThread "AWT-Shutdown" [_thread_blocked, id=4704]
  0x27b4c290 JavaThread "Timer-0" [_thread_blocked, id=4772]
  0x27b809a0 JavaThread "Application Loader" [_thread_blocked, id=4364]
  0x27b7f9d8 JavaThread "Elevation GC" [_thread_blocked, id=2892]
  0x27b09c78 JavaThread "File GC" [_thread_in_vm, id=6088]
  0x27b101a8 JavaThread "AWT-Windows" daemon [_thread_in_native, id=796]
  0x2754a7d8 JavaThread "Java2D Disposer" daemon [_thread_blocked, id=4432]
  0x00ab47a0 JavaThread "Low Memory Detector" daemon [_thread_blocked, id=6060]
  0x00037cb8 JavaThread "CompilerThread0" daemon [_thread_blocked, id=5584]
  0x00ab2df0 JavaThread "Signal Dispatcher" daemon [_thread_blocked, id=1988]
  0x00aaf800 JavaThread "JDWP Command Reader" daemon [_thread_in_native, id=5164]
  0x00aae4b0 JavaThread "JDWP Event Helper Thread" daemon [_thread_blocked, id=4148]
  0x0003cac8 JavaThread "JDWP Transport Listener: dt_socket" daemon [_thread_blocked, id=4236]
  0x00a9cd60 JavaThread "Finalizer" daemon [_thread_blocked, id=4588]
  0x00a9b8c8 JavaThread "Reference Handler" daemon [_thread_blocked, id=2116]

Other Threads:
  0x00a98ea0 VMThread [id=820]
  0x00aa5d78 WatcherThread [id=2084]

VM state:not at safepoint (normal execution)

VM Mutex/Monitor currently owned by a thread: None

Heap
 def new generation   total 10432K, used 1136K [0x02ae0000, 0x03630000, 0x05240000)
  eden space 9280K,   9% used [0x02ae0000, 0x02bb7d10, 0x033f0000)
  from space 1152K,  23% used [0x033f0000, 0x034346b8, 0x03510000)
  to   space 1152K,   0% used [0x03510000, 0x03510000, 0x03630000)
 tenured generation   total 137908K, used 110324K [0x05240000, 0x0d8ed000, 0x22ae0000)
   the space 137908K,  79% used [0x05240000, 0x0bdfd1f0, 0x0bdfd200, 0x0d8ed000)
 compacting perm gen  total 18432K, used 18200K [0x22ae0000, 0x23ce0000, 0x26ae0000)
   the space 18432K,  98% used [0x22ae0000, 0x23ca6248, 0x23ca6400, 0x23ce0000)
No shared spaces configured.

Dynamic libraries:
0x00400000 - 0x0040c000 	C:\Programfiler\Java\jdk1.5.0_06\jre\bin\java.exe
0x7c900000 - 0x7c9ae000 	C:\WINDOWS\system32\ntdll.dll
0x7c800000 - 0x7c8f7000 	C:\WINDOWS\system32\kernel32.dll
0x77dc0000 - 0x77e6a000 	C:\WINDOWS\system32\ADVAPI32.dll
0x77e70000 - 0x77f02000 	C:\WINDOWS\system32\RPCRT4.dll
0x77fe0000 - 0x77ff1000 	C:\WINDOWS\system32\Secur32.dll
0x77c00000 - 0x77c58000 	C:\WINDOWS\system32\MSVCRT.dll
0x6d6e0000 - 0x6d874000 	C:\Programfiler\Java\jdk1.5.0_06\jre\bin\client\jvm.dll
0x7e410000 - 0x7e4a1000 	C:\WINDOWS\system32\USER32.dll
0x77f10000 - 0x77f59000 	C:\WINDOWS\system32\GDI32.dll
0x76b30000 - 0x76b5d000 	C:\WINDOWS\system32\WINMM.dll
0x76370000 - 0x7638d000 	C:\WINDOWS\system32\IMM32.DLL
0x6d2f0000 - 0x6d2f8000 	C:\Programfiler\Java\jdk1.5.0_06\jre\bin\hpi.dll
0x76be0000 - 0x76beb000 	C:\WINDOWS\system32\PSAPI.DLL
0x6d3f0000 - 0x6d425000 	C:\Programfiler\Java\jdk1.5.0_06\jre\bin\jdwp.dll
0x6d6b0000 - 0x6d6bc000 	C:\Programfiler\Java\jdk1.5.0_06\jre\bin\verify.dll
0x6d370000 - 0x6d38d000 	C:\Programfiler\Java\jdk1.5.0_06\jre\bin\java.dll
0x6d6d0000 - 0x6d6df000 	C:\Programfiler\Java\jdk1.5.0_06\jre\bin\zip.dll
0x6d290000 - 0x6d297000 	C:\Programfiler\Java\jdk1.5.0_06\jre\bin\dt_socket.dll
0x71aa0000 - 0x71ab7000 	C:\WINDOWS\system32\WS2_32.dll
0x71a90000 - 0x71a98000 	C:\WINDOWS\system32\WS2HELP.dll
0x71a40000 - 0x71a80000 	C:\WINDOWS\System32\mswsock.dll
0x76f10000 - 0x76f37000 	C:\WINDOWS\system32\DNSAPI.dll
0x76fa0000 - 0x76fa8000 	C:\WINDOWS\System32\winrnr.dll
0x76f50000 - 0x76f7d000 	C:\WINDOWS\system32\WLDAP32.dll
0x76fb0000 - 0x76fb6000 	C:\WINDOWS\system32\rasadhlp.dll
0x34000000 - 0x34033000 	C:\Programfiler\F-Secure\FSPS\program\FSLSP.DLL
0x26de0000 - 0x26df5000 	c:\programfiler\f-secure\scanner-interface\fsgkiapi.dll
0x698d0000 - 0x69928000 	C:\WINDOWS\system32\hnetcfg.dll
0x71a80000 - 0x71a88000 	C:\WINDOWS\System32\wshtcpip.dll
0x6d070000 - 0x6d1d7000 	C:\Programfiler\Java\jdk1.5.0_06\jre\bin\awt.dll
0x72fd0000 - 0x72ff6000 	C:\WINDOWS\system32\WINSPOOL.DRV
0x774d0000 - 0x7760d000 	C:\WINDOWS\system32\ole32.dll
0x5b290000 - 0x5b2c8000 	C:\WINDOWS\system32\uxtheme.dll
0x73730000 - 0x7377b000 	C:\WINDOWS\system32\ddraw.dll
0x73b90000 - 0x73b96000 	C:\WINDOWS\system32\DCIMAN32.dll
0x6d2b0000 - 0x6d2ed000 	C:\Programfiler\Java\jdk1.5.0_06\jre\bin\fontmanager.dll
0x746f0000 - 0x7473c000 	C:\WINDOWS\system32\MSCTF.dll
0x75320000 - 0x7534e000 	C:\WINDOWS\system32\msctfime.ime
0x7c9c0000 - 0x7d1d8000 	C:\WINDOWS\system32\shell32.dll
0x77f60000 - 0x77fd6000 	C:\WINDOWS\system32\SHLWAPI.dll
0x773c0000 - 0x774c3000 	C:\WINDOWS\WinSxS\x86_Microsoft.Windows.Common-Controls_6595b64144ccf1df_6.0.2600.5512_x-ww_35d4ce83\comctl32.dll
0x5d5d0000 - 0x5d66a000 	C:\WINDOWS\system32\comctl32.dll
0x5bd10000 - 0x5bd65000 	C:\WINDOWS\system32\netapi32.dll
0x71b10000 - 0x71b22000 	C:\WINDOWS\system32\MPR.dll
0x75f40000 - 0x75f47000 	C:\WINDOWS\System32\drprov.dll
0x71c00000 - 0x71c0e000 	C:\WINDOWS\System32\ntlanman.dll
0x71cc0000 - 0x71cd7000 	C:\WINDOWS\System32\NETUI0.dll
0x71c80000 - 0x71cc0000 	C:\WINDOWS\System32\NETUI1.dll
0x71c70000 - 0x71c77000 	C:\WINDOWS\System32\NETRAP.dll
0x71be0000 - 0x71bf3000 	C:\WINDOWS\System32\SAMLIB.dll
0x75f50000 - 0x75f5a000 	C:\WINDOWS\System32\davclnt.dll
0x77910000 - 0x77a03000 	C:\WINDOWS\system32\SETUPAPI.dll
0x77b30000 - 0x77b52000 	C:\WINDOWS\system32\appHelp.dll
0x76fc0000 - 0x7703f000 	C:\WINDOWS\system32\CLBCATQ.DLL
0x77040000 - 0x77107000 	C:\WINDOWS\system32\COMRes.dll
0x77110000 - 0x7719b000 	C:\WINDOWS\system32\OLEAUT32.dll
0x77bf0000 - 0x77bf8000 	C:\WINDOWS\system32\VERSION.dll
0x76970000 - 0x76978000 	C:\WINDOWS\system32\LINKINFO.dll
0x76980000 - 0x769a5000 	C:\WINDOWS\system32\ntshrui.dll
0x76b10000 - 0x76b21000 	C:\WINDOWS\system32\ATL.DLL
0x769b0000 - 0x76a64000 	C:\WINDOWS\system32\USERENV.dll
0x6d530000 - 0x6d543000 	C:\Programfiler\Java\jdk1.5.0_06\jre\bin\net.dll
0x6d550000 - 0x6d559000 	C:\Programfiler\Java\jdk1.5.0_06\jre\bin\nio.dll
0x286b0000 - 0x286fd000 	C:\Programfiler\Xj3D\bin\jogl.dll
0x5f240000 - 0x5f30c000 	C:\WINDOWS\system32\OPENGL32.dll
0x61550000 - 0x61571000 	C:\WINDOWS\system32\GLU32.dll
0x69000000 - 0x694d9000 	C:\WINDOWS\system32\atioglxx.dll
0x6d200000 - 0x6d22f000 	C:\Programfiler\Java\jdk1.5.0_06\jre\bin\cmm.dll
0x6d430000 - 0x6d44f000 	C:\Programfiler\Java\jdk1.5.0_06\jre\bin\jpeg.dll
0x6d3d0000 - 0x6d3d6000 	C:\Programfiler\Java\jdk1.5.0_06\jre\bin\jawt.dll
0x28c00000 - 0x28c05000 	C:\Programfiler\Xj3D\bin\jogl_awt.dll

VM Arguments:
jvm_args: -Xdebug -Xnoagent -Djava.compiler=none -Xrunjdwp:transport=dt_socket,address=localhost:2269 -Xmx512m -Djava.library.path=C:\Programfiler\Xj3D\bin;C:\Documents and Settings\runaas\Mine dokumenter\java\jogl-1.1.1-rc6-windows-i586\lib -Dopengl.1thread=true -Dorg.web3d.vrml.renderer.common.nodes.shape.useMipMaps=true -Djava.security.policy=applet.policy
java_command: com.norkart.virtualglobe.Main -dataset=http://norgei3d.no/norge-globe-features.vgml -viewpoint=10.53675204849564,59.88295657350804,354.1140651515972,318.2030032398489,-17.20000000000005
Launcher Type: SUN_STANDARD

Environment Variables:
CLASSPATH=.;C:\PROGRA~1\JMF21~1.1E\lib\sound.jar;C:\PROGRA~1\JMF21~1.1E\lib\jmf.jar;C:\PROGRA~1\JMF21~1.1E\lib;C:\Programfiler\Sleepycat Software\Berkeley DB 4.4.20\jar\dbexamples.jar;C:\Programfiler\Sleepycat Software\Berkeley DB 4.4.20\jar\db.jar;C:\Programfiler\Sleepycat Software\Berkeley DB 4.4.20\jar\debug\dbexamples.jar;C:\Programfiler\Sleepycat Software\Berkeley DB 4.4.20\jar\debug\db.jar
PATH=C:\WINDOWS\system32;C:\WINDOWS;C:\WINDOWS\System32\Wbem;C:\Programfiler\Fellesfiler\GTK\2.0\bin;C:\Programfiler\Fellesfiler\Teleca Shared;C:\Programfiler\Sleepycat Software\Berkeley DB 4.4.20\bin;C:\Programfiler\Sleepycat Software\Berkeley DB 4.4.20\bin\debug
USERNAME=runaas
OS=Windows_NT
PROCESSOR_IDENTIFIER=x86 Family 6 Model 14 Stepping 8, GenuineIntel



---------------  S Y S T E M  ---------------

OS: Windows XP Build 2600 Service Pack 3

CPU:total 2 family 6, cmov, cx8, fxsr, mmx, sse, sse2, ht

Memory: 4k page, physical 2097151k(1869692k free), swap 4194303k(3245608k free)

vm_info: Java HotSpot(TM) Client VM (1.5.0_06-b05) for windows-x86, built on Nov 10 2005 11:12:14 by "java_re" with MS VC++ 6.0

